# Logfile created on 2014-02-01 13:36:23 -0800 by logger.rb/44203
I, [2014-02-01T13:36:23.291825 #6685]  INFO -- : 0:  rake (10.1.1) from /home/jet/.rvm/gems/ruby-2.1.0@Rails_4.0.2/specifications/rake-10.1.1.gemspec
I, [2014-02-01T13:36:23.292171 #6685]  INFO -- : 0:  i18n (0.6.9) from /home/jet/.rvm/gems/ruby-2.1.0@Rails_4.0.2/specifications/i18n-0.6.9.gemspec
I, [2014-02-01T13:36:23.455011 #6685]  INFO -- : 0:  minitest (4.7.5) from /home/jet/.rvm/gems/ruby-2.1.0@Rails_4.0.2/specifications/minitest-4.7.5.gemspec
I, [2014-02-01T13:36:23.456143 #6685]  INFO -- : 0:  multi_json (1.8.4) from /home/jet/.rvm/gems/ruby-2.1.0@Rails_4.0.2/specifications/multi_json-1.8.4.gemspec
I, [2014-02-01T13:36:23.457073 #6685]  INFO -- : 0:  atomic (1.1.14) from /home/jet/.rvm/gems/ruby-2.1.0@Rails_4.0.2/specifications/atomic-1.1.14.gemspec
I, [2014-02-01T13:36:23.458032 #6685]  INFO -- : 0:  thread_safe (0.1.3) from /home/jet/.rvm/gems/ruby-2.1.0@Rails_4.0.2/specifications/thread_safe-0.1.3.gemspec
I, [2014-02-01T13:36:23.458998 #6685]  INFO -- : 0:  tzinfo (0.3.38) from /home/jet/.rvm/gems/ruby-2.1.0@Rails_4.0.2/specifications/tzinfo-0.3.38.gemspec
I, [2014-02-01T13:36:23.460003 #6685]  INFO -- : 0:  activesupport (4.0.2) from /home/jet/.rvm/gems/ruby-2.1.0@Rails_4.0.2/specifications/activesupport-4.0.2.gemspec
I, [2014-02-01T13:36:23.460913 #6685]  INFO -- : 0:  builder (3.1.4) from /home/jet/.rvm/gems/ruby-2.1.0@Rails_4.0.2/specifications/builder-3.1.4.gemspec
I, [2014-02-01T13:36:23.461863 #6685]  INFO -- : 0:  erubis (2.7.0) from /home/jet/.rvm/gems/ruby-2.1.0@Rails_4.0.2/specifications/erubis-2.7.0.gemspec
I, [2014-02-01T13:36:23.462848 #6685]  INFO -- : 0:  rack (1.5.2) from /home/jet/.rvm/gems/ruby-2.1.0@Rails_4.0.2/specifications/rack-1.5.2.gemspec
I, [2014-02-01T13:36:23.463796 #6685]  INFO -- : 0:  rack-test (0.6.2) from /home/jet/.rvm/gems/ruby-2.1.0@Rails_4.0.2/specifications/rack-test-0.6.2.gemspec
I, [2014-02-01T13:36:23.464728 #6685]  INFO -- : 0:  actionpack (4.0.2) from /home/jet/.rvm/gems/ruby-2.1.0@Rails_4.0.2/specifications/actionpack-4.0.2.gemspec
I, [2014-02-01T13:36:23.465674 #6685]  INFO -- : 0:  mime-types (1.25.1) from /home/jet/.rvm/gems/ruby-2.1.0@Rails_4.0.2/specifications/mime-types-1.25.1.gemspec
I, [2014-02-01T13:36:23.466516 #6685]  INFO -- : 0:  polyglot (0.3.3) from /home/jet/.rvm/gems/ruby-2.1.0@Rails_4.0.2/specifications/polyglot-0.3.3.gemspec
I, [2014-02-01T13:36:23.466799 #6685]  INFO -- : 0:  treetop (1.4.15) from /home/jet/.rvm/gems/ruby-2.1.0@Rails_4.0.2/specifications/treetop-1.4.15.gemspec
I, [2014-02-01T13:36:23.467081 #6685]  INFO -- : 0:  mail (2.5.4) from /home/jet/.rvm/gems/ruby-2.1.0@Rails_4.0.2/specifications/mail-2.5.4.gemspec
I, [2014-02-01T13:36:23.467370 #6685]  INFO -- : 0:  actionmailer (4.0.2) from /home/jet/.rvm/gems/ruby-2.1.0@Rails_4.0.2/specifications/actionmailer-4.0.2.gemspec
I, [2014-02-01T13:36:23.467657 #6685]  INFO -- : 0:  activemodel (4.0.2) from /home/jet/.rvm/gems/ruby-2.1.0@Rails_4.0.2/specifications/activemodel-4.0.2.gemspec
I, [2014-02-01T13:36:23.467927 #6685]  INFO -- : 0:  activerecord-deprecated_finders (1.0.3) from /home/jet/.rvm/gems/ruby-2.1.0@Rails_4.0.2/specifications/activerecord-deprecated_finders-1.0.3.gemspec
I, [2014-02-01T13:36:23.468216 #6685]  INFO -- : 0:  arel (4.0.1) from /home/jet/.rvm/gems/ruby-2.1.0@Rails_4.0.2/specifications/arel-4.0.1.gemspec
I, [2014-02-01T13:36:23.468520 #6685]  INFO -- : 0:  activerecord (4.0.2) from /home/jet/.rvm/gems/ruby-2.1.0@Rails_4.0.2/specifications/activerecord-4.0.2.gemspec
I, [2014-02-01T13:36:23.468821 #6685]  INFO -- : 0:  bundler (1.5.0) from /home/jet/.rvm/gems/ruby-2.1.0@global/specifications/bundler-1.5.0.gemspec
I, [2014-02-01T13:36:23.469129 #6685]  INFO -- : 0:  mini_portile (0.5.2) from /home/jet/.rvm/gems/ruby-2.1.0@Rails_4.0.2/specifications/mini_portile-0.5.2.gemspec
I, [2014-02-01T13:36:23.469437 #6685]  INFO -- : 0:  nokogiri (1.6.1) from /home/jet/.rvm/gems/ruby-2.1.0@Rails_4.0.2/specifications/nokogiri-1.6.1.gemspec
I, [2014-02-01T13:36:23.469723 #6685]  INFO -- : 0:  xpath (2.0.0) from /home/jet/.rvm/gems/ruby-2.1.0@Rails_4.0.2/specifications/xpath-2.0.0.gemspec
I, [2014-02-01T13:36:23.470045 #6685]  INFO -- : 0:  capybara (2.1.0) from /home/jet/.rvm/gems/ruby-2.1.0@Rails_4.0.2/specifications/capybara-2.1.0.gemspec
I, [2014-02-01T13:36:23.470367 #6685]  INFO -- : 0:  hike (1.2.3) from /home/jet/.rvm/gems/ruby-2.1.0@Rails_4.0.2/specifications/hike-1.2.3.gemspec
I, [2014-02-01T13:36:23.470672 #6685]  INFO -- : 0:  minitest-capybara (0.5.0) from /home/jet/.rvm/gems/ruby-2.1.0@Rails_4.0.2/specifications/minitest-capybara-0.5.0.gemspec
I, [2014-02-01T13:36:23.470981 #6685]  INFO -- : 0:  minitest-metadata (0.4.0) from /home/jet/.rvm/gems/ruby-2.1.0@Rails_4.0.2/specifications/minitest-metadata-0.4.0.gemspec
I, [2014-02-01T13:36:23.471282 #6685]  INFO -- : 0:  thor (0.18.1) from /home/jet/.rvm/gems/ruby-2.1.0@Rails_4.0.2/specifications/thor-0.18.1.gemspec
I, [2014-02-01T13:36:23.471573 #6685]  INFO -- : 0:  railties (4.0.2) from /home/jet/.rvm/gems/ruby-2.1.0@Rails_4.0.2/specifications/railties-4.0.2.gemspec
I, [2014-02-01T13:36:23.471880 #6685]  INFO -- : 0:  tilt (1.4.1) from /home/jet/.rvm/gems/ruby-2.1.0@Rails_4.0.2/specifications/tilt-1.4.1.gemspec
I, [2014-02-01T13:36:23.472186 #6685]  INFO -- : 0:  sprockets (2.10.1) from /home/jet/.rvm/gems/ruby-2.1.0@Rails_4.0.2/specifications/sprockets-2.10.1.gemspec
I, [2014-02-01T13:36:23.472484 #6685]  INFO -- : 0:  sprockets-rails (2.0.1) from /home/jet/.rvm/gems/ruby-2.1.0@Rails_4.0.2/specifications/sprockets-rails-2.0.1.gemspec
I, [2014-02-01T13:36:23.472793 #6685]  INFO -- : 0:  rails (4.0.2) from /home/jet/.rvm/gems/ruby-2.1.0@Rails_4.0.2/specifications/rails-4.0.2.gemspec
I, [2014-02-01T13:36:23.473087 #6685]  INFO -- : 0:  minitest-rails (0.9.2) from /home/jet/.rvm/gems/ruby-2.1.0@Rails_4.0.2/specifications/minitest-rails-0.9.2.gemspec
I, [2014-02-01T13:36:23.473377 #6685]  INFO -- : 0:  minitest-rails-capybara (0.10.0) from /home/jet/.rvm/gems/ruby-2.1.0@Rails_4.0.2/specifications/minitest-rails-capybara-0.10.0.gemspec
